rec/sessionImp/sessionImp/SessionImpossible/build/outputs/logs/manifest-merger-debug-report.txt
-- Merging decision tree log ---
manifest
ADDED from src/main/AndroidManifest.xml:2:1-29:12
	package
		ADDED from src/main/AndroidManifest.xml:3:5-43
	android:versionName
		INJECTED from src/main/AndroidManifest.xml
		INJECTED from src/main/AndroidManifest.xml
	xmlns:android
		ADDED from src/main/AndroidManifest.xml:2:11-69
	android:versionCode
		INJECTED from src/main/AndroidManifest.xml
		INJECTED from src/main/AndroidManifest.xml
uses-feature#android.hardware.bluetooth_le
ADDED from src/main/AndroidManifest.xml:5:5-7:35
	android:required
		ADDED from src/main/AndroidManifest.xml:7:9-32
	android:name
		ADDED from src/main/AndroidManifest.xml:6:9-53
uses-permission#android.permission.BLUETOOTH
ADDED from src/main/AndroidManifest.xml:8:5-67
MERGED from [com.thalmic:myosdk:0.10.0] AndroidManifest.xml:11:5-68
	android:name
		ADDED from src/main/AndroidManifest.xml:8:22-65
uses-permission#android.permission.BLUETOOTH_ADMIN
ADDED from src/main/AndroidManifest.xml:9:5-73
MERGED from [com.thalmic:myosdk:0.10.0] AndroidManifest.xml:12:5-74
	android:name
		ADDED from src/main/AndroidManifest.xml:9:22-71
uses-permission#android.permission.READ_PHONE_STATE
ADDED from src/main/AndroidManifest.xml:10:5-74
	android:name
		ADDED from src/main/AndroidManifest.xml:10:22-72
application
ADDED from src/main/AndroidManifest.xml:11:5-27:19
MERGED from [info.izumin.android:bletia:1.3.3] AndroidManifest.xml:11:5-14:19
MERGED from [com.android.support:appcompat-v7:22.2.1] AndroidManifest.xml:22:5-20
MERGED from [com.android.support:support-v4:22.2.1] AndroidManifest.xml:22:5-20
MERGED from [com.thalmic:myosdk:0.10.0] AndroidManifest.xml:15:5-20:19
MERGED from [com.uxxu.konashi:konashi-android-sdk:1.1.0] AndroidManifest.xml:11:5-20
MERGED from [info.izumin.android:bletia:1.3.3] AndroidManifest.xml:11:5-14:19
MERGED from [sessionImp.modules:volley:unspecified] AndroidManifest.xml:9:5-20
	android:label
		ADDED from src/main/AndroidManifest.xml:14:9-41
	android:allowBackup
		ADDED from src/main/AndroidManifest.xml:12:9-35
	android:icon
		ADDED from src/main/AndroidManifest.xml:13:9-45
	android:theme
		ADDED from src/main/AndroidManifest.xml:15:9-47
activity#com.oec.android.myo.session.SIArmAndMindActivity
ADDED from src/main/AndroidManifest.xml:17:9-26:20
	android:label
		ADDED from src/main/AndroidManifest.xml:19:13-45
	android:name
		ADDED from src/main/AndroidManifest.xml:18:13-76
intent-filter#android.intent.action.MAIN+android.intent.category.LAUNCHER
ADDED from src/main/AndroidManifest.xml:20:13-24:29
action#android.intent.action.MAIN
ADDED from src/main/AndroidManifest.xml:21:17-69
	android:name
		ADDED from src/main/AndroidManifest.xml:21:25-66
category#android.intent.category.LAUNCHER
ADDED from src/main/AndroidManifest.xml:23:17-77
	android:name
		ADDED from src/main/AndroidManifest.xml:23:27-74
uses-sdk
INJECTED from src/main/AndroidManifest.xml reason: use-sdk injection requested
MERGED from [info.izumin.android:bletia:1.3.3] AndroidManifest.xml:7:5-9:41
MERGED from [org.jdeferred:jdeferred-android-aar:1.2.4] AndroidManifest.xml:22:5-24:41
MERGED from [com.android.support:appcompat-v7:22.2.1] AndroidManifest.xml:20:5-43
MERGED from [com.android.support:support-v4:22.2.1] AndroidManifest.xml:20:5-43
MERGED from [com.thalmic:myosdk:0.10.0] AndroidManifest.xml:7:5-9:41
MERGED from [com.uxxu.konashi:konashi-android-sdk:1.1.0] AndroidManifest.xml:7:5-9:41
MERGED from [info.izumin.android:bletia:1.3.3] AndroidManifest.xml:7:5-9:41
MERGED from [org.jdeferred:jdeferred-android-aar:1.2.4] AndroidManifest.xml:22:5-24:41
MERGED from [sessionImp.modules:volley:unspecified] AndroidManifest.xml:7:5-43
	android:targetSdkVersion
		INJECTED from src/main/AndroidManifest.xml
		INJECTED from src/main/AndroidManifest.xml
	android:minSdkVersion
		INJECTED from src/main/AndroidManifest.xml
		INJECTED from src/main/AndroidManifest.xml
uses-permission#android.permission.INTERNET
ADDED from [com.thalmic:myosdk:0.10.0] AndroidManifest.xml:13:5-67
	android:name
		ADDED from [com.thalmic:myosdk:0.10.0] AndroidManifest.xml:13:22-64
activity#com.thalmic.myo.scanner.ScanActivity
ADDED from [com.thalmic:myosdk:0.10.0] AndroidManifest.xml:16:9-19:64
	android:label
		ADDED from [com.thalmic:myosdk:0.10.0] AndroidManifest.xml:18:13-64
	android:theme
		ADDED from [com.thalmic:myosdk:0.10.0] AndroidManifest.xml:19:13-61
	android:name
		ADDED from [com.thalmic:myosdk:0.10.0] AndroidManifest.xml:17:13-64